<?xml version="1.0" encoding="UTF-8" ?>
<testsuite 
errors="0" failures="0" hostname="Inblrlt-rekha" name="com.glassbeam.scalatestdemo.WebSiteSpec" tests="1" time="10.879" timestamp="2014-02-06T10:37:37">
  <properties>
    <property name="jline.esc.timeout" value="0"> </property>
    <property name="java.runtime.name" value="Java(TM) SE Runtime Environment">
    </property>
    <property 
    name="sun.boot.library.path" value="/usr/lib/jvm/java-7-oracle/jre/lib/i386">
</property>
    <property name="java.vm.version" value="24.45-b08"> </property>
    <property name="java.vm.vendor" value="Oracle Corporation"> </property>
    <property name="java.vendor.url" value="http://java.oracle.com/">
    </property>
    <property name="path.separator" value=":"> </property>
    <property name="java.vm.name" value="Java HotSpot(TM) Server VM">
    </property>
    <property name="file.encoding.pkg" value="sun.io"> </property>
    <property name="user.country" value="IN"> </property>
    <property name="sun.java.launcher" value="SUN_STANDARD"> </property>
    <property name="sun.os.patch.level" value="unknown"> </property>
    <property 
    name="java.vm.specification.name" value="Java Virtual Machine Specification">
</property>
    <property name="user.dir" value="/home/rekha/Scala_projs/ScalaTestDemo">
    </property>
    <property name="java.runtime.version" value="1.7.0_45-b18"> </property>
    <property 
    name="java.awt.graphicsenv" value="sun.awt.X11GraphicsEnvironment">
</property>
    <property 
    name="java.endorsed.dirs" value="/usr/lib/jvm/java-7-oracle/jre/lib/endorsed">
</property>
    <property name="os.arch" value="i386"> </property>
    <property name="java.io.tmpdir" value="/tmp"> </property>
    <property name="line.separator" value=" "> </property>
    <property name="java.vm.specification.vendor" value="Oracle Corporation">
    </property>
    <property name="os.name" value="Linux"> </property>
    <property name="sun.jnu.encoding" value="UTF-8"> </property>
    <property 
    name="java.library.path" value="/usr/java/packages/lib/i386:/lib:/usr/lib">
</property>
    <property 
    name="java.specification.name" value="Java Platform API Specification">
</property>
    <property name="java.class.version" value="51.0"> </property>
    <property name="sun.management.compiler" value="HotSpot Tiered Compilers">
    </property>
    <property name="os.version" value="3.2.0-37-generic-pae"> </property>
    <property name="user.home" value="/home/rekha"> </property>
    <property name="user.timezone" value="Asia/Kolkata"> </property>
    <property name="java.awt.printerjob" value="sun.print.PSPrinterJob">
    </property>
    <property name="file.encoding" value="UTF-8"> </property>
    <property name="java.specification.version" value="1.7"> </property>
    <property name="user.name" value="rekha"> </property>
    <property 
    name="java.class.path" value="/home/rekha/soft/sbt/bin/sbt-launch.jar">
</property>
    <property name="jline.shutdownhook" value="false"> </property>
    <property name="java.vm.specification.version" value="1.7"> </property>
    <property name="sun.arch.data.model" value="32"> </property>
    <property name="java.home" value="/usr/lib/jvm/java-7-oracle/jre">
    </property>
    <property 
    name="sun.java.command" value="/home/rekha/soft/sbt/bin/sbt-launch.jar">
</property>
    <property name="java.specification.vendor" value="Oracle Corporation">
    </property>
    <property name="user.language" value="en"> </property>
    <property name="awt.toolkit" value="sun.awt.X11.XToolkit"> </property>
    <property name="java.vm.info" value="mixed mode"> </property>
    <property name="java.version" value="1.7.0_45"> </property>
    <property 
    name="java.ext.dirs" value="/usr/lib/jvm/java-7-oracle/jre/lib/ext:/usr/java/packages/lib/ext">
</property>
    <property 
    name="sun.boot.class.path" value="/usr/lib/jvm/java-7-oracle/jre/lib/resources.jar:/usr/lib/jvm/java-7-oracle/jre/lib/rt.jar:/usr/lib/jvm/java-7-oracle/jre/lib/sunrsasign.jar:/usr/lib/jvm/java-7-oracle/jre/lib/jsse.jar:/usr/lib/jvm/java-7-oracle/jre/lib/jce.jar:/usr/lib/jvm/java-7-oracle/jre/lib/charsets.jar:/usr/lib/jvm/java-7-oracle/jre/lib/jfr.jar:/usr/lib/jvm/java-7-oracle/jre/classes">
</property>
    <property name="java.vendor" value="Oracle Corporation"> </property>
    <property name="file.separator" value="/"> </property>
    <property 
    name="java.vendor.url.bug" value="http://bugreport.sun.com/bugreport/">
</property>
    <property name="sun.cpu.endian" value="little"> </property>
    <property name="sun.io.unicode.encoding" value="UnicodeLittle"> </property>
    <property name="sun.cpu.isalist" value=""> </property>
  </properties>
  <testcase 
  name="The google home page should have the correct title" classname="com.glassbeam.scalatestdemo.WebSiteSpec" time="10.815">
</testcase>
  <system-out><![CDATA[]]></system-out>
  <system-err><![CDATA[]]></system-err>
</testsuite>
